<?xml version="1.0" encoding="UTF-8"?>
<!-- Generated by org.testng.reporters.JUnitReportReporter -->
<testsuite hostname="ip-172-31-25-53" name="Test.TestNG" tests="1" failures="0" timestamp="6 Feb 2022 17:52:28 GMT" time="0.026" errors="0">
  <testcase name="verifyHomepageTitle" time="0.026" classname="Test.TestNG"/>
</testsuite> <!-- Test.TestNG -->
